# JRE version: OpenJDK Runtime Environment (8.0_242-b01) (build 1.8.0_242-release-1644-b01)
# Java VM: OpenJDK 64-Bit Server VM (25.242-b01 mixed mode windows-amd64 compressed oops)
Heap:
 PSYoungGen      total 260608K, used 27343K [0x00000000d5580000, 0x00000000e9f80000, 0x0000000100000000)
  eden space 233984K, 8% used [0x00000000d5580000,0x00000000d695a150,0x00000000e3a00000)
  from space 26624K, 26% used [0x00000000e3a00000,0x00000000e40d9e50,0x00000000e5400000)
  to   space 33280K, 0% used [0x00000000e7f00000,0x00000000e7f00000,0x00000000e9f80000)
 ParOldGen       total 105472K, used 62400K [0x0000000080000000, 0x0000000086700000, 0x00000000d5580000)
  object space 105472K, 59% used [0x0000000080000000,0x0000000083cf03e0,0x0000000086700000)
 Metaspace       used 92696K, capacity 96874K, committed 97200K, reserved 1132544K
  class space    used 12227K, capacity 13111K, committed 13232K, reserved 1048576K
GC Heap History (10 events):
Event: 131.028 GC heap before
{Heap before GC invocations=19 (full 3):
 PSYoungGen      total 182272K, used 179530K [0x00000000d5580000, 0x00000000e4200000, 0x0000000100000000)
  eden space 165376K, 100% used [0x00000000d5580000,0x00000000df700000,0x00000000df700000)
  from space 16896K, 83% used [0x00000000df700000,0x00000000e04d2940,0x00000000e0780000)
  to   space 18944K, 0% used [0x00000000e2f80000,0x00000000e2f80000,0x00000000e4200000)
 ParOldGen       total 62464K, used 30377K [0x0000000080000000, 0x0000000083d00000, 0x00000000d5580000)
  object space 62464K, 48% used [0x0000000080000000,0x0000000081daa628,0x0000000083d00000)
 Metaspace       used 72803K, capacity 75724K, committed 75952K, reserved 1114112K
  class space    used 9750K, capacity 10393K, committed 10416K, reserved 1048576K
Event: 131.256 GC heap after
Heap after GC invocations=19 (full 3):
 PSYoungGen      total 219136K, used 18913K [0x00000000d5580000, 0x00000000e4c00000, 0x0000000100000000)
  eden space 200192K, 0% used [0x00000000d5580000,0x00000000d5580000,0x00000000e1900000)
  from space 18944K, 99% used [0x00000000e2f80000,0x00000000e41f86c0,0x00000000e4200000)
  to   space 23040K, 0% used [0x00000000e1900000,0x00000000e1900000,0x00000000e2f80000)
 ParOldGen       total 62464K, used 32777K [0x0000000080000000, 0x0000000083d00000, 0x00000000d5580000)
  object space 62464K, 52% used [0x0000000080000000,0x0000000082002410,0x0000000083d00000)
 Metaspace       used 72803K, capacity 75724K, committed 75952K, reserved 1114112K
  class space    used 9750K, capacity 10393K, committed 10416K, reserved 1048576K
}
Event: 173.223 GC heap before
{Heap before GC invocations=20 (full 3):
 PSYoungGen      total 219136K, used 219105K [0x00000000d5580000, 0x00000000e4c00000, 0x0000000100000000)
  eden space 200192K, 100% used [0x00000000d5580000,0x00000000e1900000,0x00000000e1900000)
  from space 18944K, 99% used [0x00000000e2f80000,0x00000000e41f86c0,0x00000000e4200000)
  to   space 23040K, 0% used [0x00000000e1900000,0x00000000e1900000,0x00000000e2f80000)
 ParOldGen       total 62464K, used 32777K [0x0000000080000000, 0x0000000083d00000, 0x00000000d5580000)
  object space 62464K, 52% used [0x0000000080000000,0x0000000082002410,0x0000000083d00000)
 Metaspace       used 80045K, capacity 83614K, committed 83888K, reserved 1122304K
  class space    used 10643K, capacity 11399K, committed 11440K, reserved 1048576K
Event: 174.229 GC heap after
Heap after GC invocations=20 (full 3):
 PSYoungGen      total 223232K, used 14488K [0x00000000d5580000, 0x00000000e6b00000, 0x0000000100000000)
  eden space 200192K, 0% used [0x00000000d5580000,0x00000000d5580000,0x00000000e1900000)
  from space 23040K, 62% used [0x00000000e1900000,0x00000000e2726310,0x00000000e2f80000)
  to   space 23552K, 0% used [0x00000000e5400000,0x00000000e5400000,0x00000000e6b00000)
 ParOldGen       total 62464K, used 45729K [0x0000000080000000, 0x0000000083d00000, 0x00000000d5580000)
  object space 62464K, 73% used [0x0000000080000000,0x0000000082ca8600,0x0000000083d00000)
 Metaspace       used 80045K, capacity 83614K, committed 83888K, reserved 1122304K
  class space    used 10643K, capacity 11399K, committed 11440K, reserved 1048576K
}
Event: 227.090 GC heap before
{Heap before GC invocations=21 (full 3):
 PSYoungGen      total 223232K, used 214680K [0x00000000d5580000, 0x00000000e6b00000, 0x0000000100000000)
  eden space 200192K, 100% used [0x00000000d5580000,0x00000000e1900000,0x00000000e1900000)
  from space 23040K, 62% used [0x00000000e1900000,0x00000000e2726310,0x00000000e2f80000)
  to   space 23552K, 0% used [0x00000000e5400000,0x00000000e5400000,0x00000000e6b00000)
 ParOldGen       total 62464K, used 45729K [0x0000000080000000, 0x0000000083d00000, 0x00000000d5580000)
  object space 62464K, 73% used [0x0000000080000000,0x0000000082ca8600,0x0000000083d00000)
 Metaspace       used 82967K, capacity 86694K, committed 86832K, reserved 1124352K
  class space    used 11015K, capacity 11815K, committed 11824K, reserved 1048576K
Event: 227.674 GC heap after
Heap after GC invocations=21 (full 3):
 PSYoungGen      total 257536K, used 21100K [0x00000000d5580000, 0x00000000e6f80000, 0x0000000100000000)
  eden space 233984K, 0% used [0x00000000d5580000,0x00000000d5580000,0x00000000e3a00000)
  from space 23552K, 89% used [0x00000000e5400000,0x00000000e689b208,0x00000000e6b00000)
  to   space 26624K, 0% used [0x00000000e3a00000,0x00000000e3a00000,0x00000000e5400000)
 ParOldGen       total 62464K, used 45737K [0x0000000080000000, 0x0000000083d00000, 0x00000000d5580000)
  object space 62464K, 73% used [0x0000000080000000,0x0000000082caa600,0x0000000083d00000)
 Metaspace       used 82967K, capacity 86694K, committed 86832K, reserved 1124352K
  class space    used 11015K, capacity 11815K, committed 11824K, reserved 1048576K
}
Event: 274.258 GC heap before
{Heap before GC invocations=22 (full 3):
 PSYoungGen      total 257536K, used 255077K [0x00000000d5580000, 0x00000000e6f80000, 0x0000000100000000)
  eden space 233984K, 99% used [0x00000000d5580000,0x00000000e39fe2f8,0x00000000e3a00000)
  from space 23552K, 89% used [0x00000000e5400000,0x00000000e689b208,0x00000000e6b00000)
  to   space 26624K, 0% used [0x00000000e3a00000,0x00000000e3a00000,0x00000000e5400000)
 ParOldGen       total 62464K, used 45737K [0x0000000080000000, 0x0000000083d00000, 0x00000000d5580000)
  object space 62464K, 73% used [0x0000000080000000,0x0000000082caa600,0x0000000083d00000)
 Metaspace       used 91202K, capacity 95284K, committed 95664K, reserved 1132544K
  class space    used 12018K, capacity 12860K, committed 12976K, reserved 1048576K
Event: 274.504 GC heap after
Heap after GC invocations=22 (full 3):
 PSYoungGen      total 260608K, used 26595K [0x00000000d5580000, 0x00000000e9f80000, 0x0000000100000000)
  eden space 233984K, 0% used [0x00000000d5580000,0x00000000d5580000,0x00000000e3a00000)
  from space 26624K, 99% used [0x00000000e3a00000,0x00000000e53f8c20,0x00000000e5400000)
  to   space 33280K, 0% used [0x00000000e7f00000,0x00000000e7f00000,0x00000000e9f80000)
 ParOldGen       total 62464K, used 52641K [0x0000000080000000, 0x0000000083d00000, 0x00000000d5580000)
  object space 62464K, 84% used [0x0000000080000000,0x00000000833684b0,0x0000000083d00000)
 Metaspace       used 91202K, capacity 95284K, committed 95664K, reserved 1132544K
  class space    used 12018K, capacity 12860K, committed 12976K, reserved 1048576K
}
Event: 274.506 GC heap before
{Heap before GC invocations=23 (full 4):
 PSYoungGen      total 260608K, used 26595K [0x00000000d5580000, 0x00000000e9f80000, 0x0000000100000000)
  eden space 233984K, 0% used [0x00000000d5580000,0x00000000d5580000,0x00000000e3a00000)
  from space 26624K, 99% used [0x00000000e3a00000,0x00000000e53f8c20,0x00000000e5400000)
  to   space 33280K, 0% used [0x00000000e7f00000,0x00000000e7f00000,0x00000000e9f80000)
 ParOldGen       total 62464K, used 52641K [0x0000000080000000, 0x0000000083d00000, 0x00000000d5580000)
  object space 62464K, 84% used [0x0000000080000000,0x00000000833684b0,0x0000000083d00000)
 Metaspace       used 91202K, capacity 95284K, committed 95664K, reserved 1132544K
  class space    used 12018K, capacity 12860K, committed 12976K, reserved 1048576K
Event: 277.036 GC heap after
Heap after GC invocations=23 (full 4):
 PSYoungGen      total 260608K, used 7015K [0x00000000d5580000, 0x00000000e9f80000, 0x0000000100000000)
  eden space 233984K, 0% used [0x00000000d5580000,0x00000000d5580000,0x00000000e3a00000)
  from space 26624K, 26% used [0x00000000e3a00000,0x00000000e40d9e50,0x00000000e5400000)
  to   space 33280K, 0% used [0x00000000e7f00000,0x00000000e7f00000,0x00000000e9f80000)
 ParOldGen       total 105472K, used 62400K [0x0000000080000000, 0x0000000086700000, 0x00000000d5580000)
  object space 105472K, 59% used [0x0000000080000000,0x0000000083cf03e0,0x0000000086700000)
 Metaspace       used 91165K, capacity 95174K, committed 95664K, reserved 1132544K
  class space    used 12006K, capacity 12839K, committed 12976K, reserved 1048576K
}

