# JRE version: OpenJDK Runtime Environment (8.0_242-b01) (build 1.8.0_242-release-1644-b01)
# Java VM: OpenJDK 64-Bit Server VM (25.242-b01 mixed mode windows-amd64 compressed oops)
Heap:
 PSYoungGen      total 653312K, used 542704K [0x00000000d5580000, 0x00000000fff80000, 0x0000000100000000)
  eden space 610816K, 87% used [0x00000000d5580000,0x00000000f6013500,0x00000000faa00000)
  from space 42496K, 17% used [0x00000000faa00000,0x00000000fb168be0,0x00000000fd380000)
  to   space 40960K, 0% used [0x00000000fd780000,0x00000000fd780000,0x00000000fff80000)
 ParOldGen       total 141312K, used 87221K [0x0000000080000000, 0x0000000088a00000, 0x00000000d5580000)
  object space 141312K, 61% used [0x0000000080000000,0x000000008552d790,0x0000000088a00000)
 Metaspace       used 111169K, capacity 116331K, committed 118448K, reserved 1153024K
  class space    used 14111K, capacity 15085K, committed 15536K, reserved 1048576K
GC Heap History (10 events):
Event: 2487.174 GC heap before
{Heap before GC invocations=50 (full 5):
 PSYoungGen      total 497664K, used 464804K [0x00000000d5580000, 0x00000000f6d00000, 0x0000000100000000)
  eden space 455168K, 100% used [0x00000000d5580000,0x00000000f1200000,0x00000000f1200000)
  from space 42496K, 22% used [0x00000000f4380000,0x00000000f4ce93f0,0x00000000f6d00000)
  to   space 46592K, 0% used [0x00000000f1200000,0x00000000f1200000,0x00000000f3f80000)
 ParOldGen       total 141312K, used 80087K [0x0000000080000000, 0x0000000088a00000, 0x00000000d5580000)
  object space 141312K, 56% used [0x0000000080000000,0x0000000084e35ea8,0x0000000088a00000)
 Metaspace       used 110385K, capacity 115407K, committed 118448K, reserved 1153024K
  class space    used 14039K, capacity 14993K, committed 15536K, reserved 1048576K
Event: 2493.309 GC heap after
Heap after GC invocations=50 (full 5):
 PSYoungGen      total 501760K, used 6338K [0x00000000d5580000, 0x00000000fbe80000, 0x0000000100000000)
  eden space 455168K, 0% used [0x00000000d5580000,0x00000000d5580000,0x00000000f1200000)
  from space 46592K, 13% used [0x00000000f1200000,0x00000000f1830ac8,0x00000000f3f80000)
  to   space 46080K, 0% used [0x00000000f9180000,0x00000000f9180000,0x00000000fbe80000)
 ParOldGen       total 141312K, used 80559K [0x0000000080000000, 0x0000000088a00000, 0x00000000d5580000)
  object space 141312K, 57% used [0x0000000080000000,0x0000000084eabc10,0x0000000088a00000)
 Metaspace       used 110385K, capacity 115407K, committed 118448K, reserved 1153024K
  class space    used 14039K, capacity 14993K, committed 15536K, reserved 1048576K
}
Event: 2519.102 GC heap before
{Heap before GC invocations=51 (full 5):
 PSYoungGen      total 501760K, used 461506K [0x00000000d5580000, 0x00000000fbe80000, 0x0000000100000000)
  eden space 455168K, 100% used [0x00000000d5580000,0x00000000f1200000,0x00000000f1200000)
  from space 46592K, 13% used [0x00000000f1200000,0x00000000f1830ac8,0x00000000f3f80000)
  to   space 46080K, 0% used [0x00000000f9180000,0x00000000f9180000,0x00000000fbe80000)
 ParOldGen       total 141312K, used 80559K [0x0000000080000000, 0x0000000088a00000, 0x00000000d5580000)
  object space 141312K, 57% used [0x0000000080000000,0x0000000084eabc10,0x0000000088a00000)
 Metaspace       used 110396K, capacity 115407K, committed 118448K, reserved 1153024K
  class space    used 14039K, capacity 14993K, committed 15536K, reserved 1048576K
Event: 2519.949 GC heap after
Heap after GC invocations=51 (full 5):
 PSYoungGen      total 577536K, used 7706K [0x00000000d5580000, 0x00000000fb980000, 0x0000000100000000)
  eden space 536576K, 0% used [0x00000000d5580000,0x00000000d5580000,0x00000000f6180000)
  from space 40960K, 18% used [0x00000000f9180000,0x00000000f9906ba0,0x00000000fb980000)
  to   space 45056K, 0% used [0x00000000f6180000,0x00000000f6180000,0x00000000f8d80000)
 ParOldGen       total 141312K, used 83727K [0x0000000080000000, 0x0000000088a00000, 0x00000000d5580000)
  object space 141312K, 59% used [0x0000000080000000,0x00000000851c3d00,0x0000000088a00000)
 Metaspace       used 110396K, capacity 115407K, committed 118448K, reserved 1153024K
  class space    used 14039K, capacity 14993K, committed 15536K, reserved 1048576K
}
Event: 2540.938 GC heap before
{Heap before GC invocations=52 (full 5):
 PSYoungGen      total 577536K, used 544282K [0x00000000d5580000, 0x00000000fb980000, 0x0000000100000000)
  eden space 536576K, 100% used [0x00000000d5580000,0x00000000f6180000,0x00000000f6180000)
  from space 40960K, 18% used [0x00000000f9180000,0x00000000f9906ba0,0x00000000fb980000)
  to   space 45056K, 0% used [0x00000000f6180000,0x00000000f6180000,0x00000000f8d80000)
 ParOldGen       total 141312K, used 83727K [0x0000000080000000, 0x0000000088a00000, 0x00000000d5580000)
  object space 141312K, 59% used [0x0000000080000000,0x00000000851c3d00,0x0000000088a00000)
 Metaspace       used 110408K, capacity 115411K, committed 118448K, reserved 1153024K
  class space    used 14039K, capacity 14993K, committed 15536K, reserved 1048576K
Event: 2541.080 GC heap after
Heap after GC invocations=52 (full 5):
 PSYoungGen      total 581632K, used 11098K [0x00000000d5580000, 0x0000000100000000, 0x0000000100000000)
  eden space 536576K, 0% used [0x00000000d5580000,0x00000000d5580000,0x00000000f6180000)
  from space 45056K, 24% used [0x00000000f6180000,0x00000000f6c56a78,0x00000000f8d80000)
  to   space 43008K, 0% used [0x00000000fd600000,0x00000000fd600000,0x0000000100000000)
 ParOldGen       total 141312K, used 84918K [0x0000000080000000, 0x0000000088a00000, 0x00000000d5580000)
  object space 141312K, 60% used [0x0000000080000000,0x00000000852ed9e8,0x0000000088a00000)
 Metaspace       used 110408K, capacity 115411K, committed 118448K, reserved 1153024K
  class space    used 14039K, capacity 14993K, committed 15536K, reserved 1048576K
}
Event: 2556.489 GC heap before
{Heap before GC invocations=53 (full 5):
 PSYoungGen      total 581632K, used 547674K [0x00000000d5580000, 0x0000000100000000, 0x0000000100000000)
  eden space 536576K, 100% used [0x00000000d5580000,0x00000000f6180000,0x00000000f6180000)
  from space 45056K, 24% used [0x00000000f6180000,0x00000000f6c56a78,0x00000000f8d80000)
  to   space 43008K, 0% used [0x00000000fd600000,0x00000000fd600000,0x0000000100000000)
 ParOldGen       total 141312K, used 84918K [0x0000000080000000, 0x0000000088a00000, 0x00000000d5580000)
  object space 141312K, 60% used [0x0000000080000000,0x00000000852ed9e8,0x0000000088a00000)
 Metaspace       used 110436K, capacity 115417K, committed 118448K, reserved 1153024K
  class space    used 14039K, capacity 14994K, committed 15536K, reserved 1048576K
Event: 2556.589 GC heap after
Heap after GC invocations=53 (full 5):
 PSYoungGen      total 650752K, used 4122K [0x00000000d5580000, 0x00000000ffd00000, 0x0000000100000000)
  eden space 610816K, 0% used [0x00000000d5580000,0x00000000d5580000,0x00000000faa00000)
  from space 39936K, 10% used [0x00000000fd600000,0x00000000fda06a18,0x00000000ffd00000)
  to   space 42496K, 0% used [0x00000000faa00000,0x00000000faa00000,0x00000000fd380000)
 ParOldGen       total 141312K, used 86651K [0x0000000080000000, 0x0000000088a00000, 0x00000000d5580000)
  object space 141312K, 61% used [0x0000000080000000,0x000000008549ed60,0x0000000088a00000)
 Metaspace       used 110436K, capacity 115417K, committed 118448K, reserved 1153024K
  class space    used 14039K, capacity 14994K, committed 15536K, reserved 1048576K
}
Event: 2565.184 GC heap before
{Heap before GC invocations=54 (full 5):
 PSYoungGen      total 650752K, used 614938K [0x00000000d5580000, 0x00000000ffd00000, 0x0000000100000000)
  eden space 610816K, 100% used [0x00000000d5580000,0x00000000faa00000,0x00000000faa00000)
  from space 39936K, 10% used [0x00000000fd600000,0x00000000fda06a18,0x00000000ffd00000)
  to   space 42496K, 0% used [0x00000000faa00000,0x00000000faa00000,0x00000000fd380000)
 ParOldGen       total 141312K, used 86651K [0x0000000080000000, 0x0000000088a00000, 0x00000000d5580000)
  object space 141312K, 61% used [0x0000000080000000,0x000000008549ed60,0x0000000088a00000)
 Metaspace       used 110459K, capacity 115487K, committed 118448K, reserved 1153024K
  class space    used 14040K, capacity 14995K, committed 15536K, reserved 1048576K
Event: 2565.312 GC heap after
Heap after GC invocations=54 (full 5):
 PSYoungGen      total 653312K, used 7586K [0x00000000d5580000, 0x00000000fff80000, 0x0000000100000000)
  eden space 610816K, 0% used [0x00000000d5580000,0x00000000d5580000,0x00000000faa00000)
  from space 42496K, 17% used [0x00000000faa00000,0x00000000fb168be0,0x00000000fd380000)
  to   space 40960K, 0% used [0x00000000fd780000,0x00000000fd780000,0x00000000fff80000)
 ParOldGen       total 141312K, used 87221K [0x0000000080000000, 0x0000000088a00000, 0x00000000d5580000)
  object space 141312K, 61% used [0x0000000080000000,0x000000008552d790,0x0000000088a00000)
 Metaspace       used 110459K, capacity 115487K, committed 118448K, reserved 1153024K
  class space    used 14040K, capacity 14995K, committed 15536K, reserved 1048576K
}

