# JRE version: OpenJDK Runtime Environment (8.0_242-b01) (build 1.8.0_242-release-1644-b01)
# Java VM: OpenJDK 64-Bit Server VM (25.242-b01 mixed mode windows-amd64 compressed oops)
Heap:
 PSYoungGen      total 37888K, used 10662K [0x00000000d5580000, 0x00000000d7d80000, 0x0000000100000000)
  eden space 34816K, 21% used [0x00000000d5580000,0x00000000d5cf17d0,0x00000000d7780000)
  from space 3072K, 98% used [0x00000000d7780000,0x00000000d7a78328,0x00000000d7a80000)
  to   space 3072K, 0% used [0x00000000d7a80000,0x00000000d7a80000,0x00000000d7d80000)
 ParOldGen       total 22016K, used 6865K [0x0000000080000000, 0x0000000081580000, 0x00000000d5580000)
  object space 22016K, 31% used [0x0000000080000000,0x00000000806b44a8,0x0000000081580000)
 Metaspace       used 15197K, capacity 15660K, committed 15872K, reserved 1062912K
  class space    used 2022K, capacity 2186K, committed 2304K, reserved 1048576K
GC Heap History (10 events):
Event: 3.819 GC heap before
{Heap before GC invocations=5 (full 0):
 PSYoungGen      total 9728K, used 9728K [0x00000000d5580000, 0x00000000d6000000, 0x0000000100000000)
  eden space 8704K, 100% used [0x00000000d5580000,0x00000000d5e00000,0x00000000d5e00000)
  from space 1024K, 100% used [0x00000000d5f00000,0x00000000d6000000,0x00000000d6000000)
  to   space 1024K, 0% used [0x00000000d5e00000,0x00000000d5e00000,0x00000000d5f00000)
 ParOldGen       total 22016K, used 3121K [0x0000000080000000, 0x0000000081580000, 0x00000000d5580000)
  object space 22016K, 14% used [0x0000000080000000,0x000000008030c640,0x0000000081580000)
 Metaspace       used 7227K, capacity 7440K, committed 7680K, reserved 1056768K
  class space    used 883K, capacity 968K, committed 1024K, reserved 1048576K
Event: 3.829 GC heap after
Heap after GC invocations=5 (full 0):
 PSYoungGen      total 9728K, used 1024K [0x00000000d5580000, 0x00000000d6c80000, 0x0000000100000000)
  eden space 8704K, 0% used [0x00000000d5580000,0x00000000d5580000,0x00000000d5e00000)
  from space 1024K, 100% used [0x00000000d5e00000,0x00000000d5f00000,0x00000000d5f00000)
  to   space 3072K, 0% used [0x00000000d6980000,0x00000000d6980000,0x00000000d6c80000)
 ParOldGen       total 22016K, used 3313K [0x0000000080000000, 0x0000000081580000, 0x00000000d5580000)
  object space 22016K, 15% used [0x0000000080000000,0x000000008033c640,0x0000000081580000)
 Metaspace       used 7227K, capacity 7440K, committed 7680K, reserved 1056768K
  class space    used 883K, capacity 968K, committed 1024K, reserved 1048576K
}
Event: 4.092 GC heap before
{Heap before GC invocations=6 (full 0):
 PSYoungGen      total 9728K, used 9720K [0x00000000d5580000, 0x00000000d6c80000, 0x0000000100000000)
  eden space 8704K, 99% used [0x00000000d5580000,0x00000000d5dfe060,0x00000000d5e00000)
  from space 1024K, 100% used [0x00000000d5e00000,0x00000000d5f00000,0x00000000d5f00000)
  to   space 3072K, 0% used [0x00000000d6980000,0x00000000d6980000,0x00000000d6c80000)
 ParOldGen       total 22016K, used 3313K [0x0000000080000000, 0x0000000081580000, 0x00000000d5580000)
  object space 22016K, 15% used [0x0000000080000000,0x000000008033c640,0x0000000081580000)
 Metaspace       used 7308K, capacity 7504K, committed 7680K, reserved 1056768K
  class space    used 891K, capacity 968K, committed 1024K, reserved 1048576K
Event: 4.127 GC heap after
Heap after GC invocations=6 (full 0):
 PSYoungGen      total 20480K, used 1336K [0x00000000d5580000, 0x00000000d6c80000, 0x0000000100000000)
  eden space 17408K, 0% used [0x00000000d5580000,0x00000000d5580000,0x00000000d6680000)
  from space 3072K, 43% used [0x00000000d6980000,0x00000000d6ace370,0x00000000d6c80000)
  to   space 3072K, 0% used [0x00000000d6680000,0x00000000d6680000,0x00000000d6980000)
 ParOldGen       total 22016K, used 3313K [0x0000000080000000, 0x0000000081580000, 0x00000000d5580000)
  object space 22016K, 15% used [0x0000000080000000,0x000000008033c640,0x0000000081580000)
 Metaspace       used 7308K, capacity 7504K, committed 7680K, reserved 1056768K
  class space    used 891K, capacity 968K, committed 1024K, reserved 1048576K
}
Event: 4.836 GC heap before
{Heap before GC invocations=7 (full 0):
 PSYoungGen      total 20480K, used 18744K [0x00000000d5580000, 0x00000000d6c80000, 0x0000000100000000)
  eden space 17408K, 100% used [0x00000000d5580000,0x00000000d6680000,0x00000000d6680000)
  from space 3072K, 43% used [0x00000000d6980000,0x00000000d6ace370,0x00000000d6c80000)
  to   space 3072K, 0% used [0x00000000d6680000,0x00000000d6680000,0x00000000d6980000)
 ParOldGen       total 22016K, used 3313K [0x0000000080000000, 0x0000000081580000, 0x00000000d5580000)
  object space 22016K, 15% used [0x0000000080000000,0x000000008033c640,0x0000000081580000)
 Metaspace       used 7529K, capacity 7720K, committed 8064K, reserved 1056768K
  class space    used 938K, capacity 1040K, committed 1152K, reserved 1048576K
Event: 4.846 GC heap after
Heap after GC invocations=7 (full 0):
 PSYoungGen      total 20480K, used 1829K [0x00000000d5580000, 0x00000000d7d80000, 0x0000000100000000)
  eden space 17408K, 0% used [0x00000000d5580000,0x00000000d5580000,0x00000000d6680000)
  from space 3072K, 59% used [0x00000000d6680000,0x00000000d6849410,0x00000000d6980000)
  to   space 3072K, 0% used [0x00000000d7a80000,0x00000000d7a80000,0x00000000d7d80000)
 ParOldGen       total 22016K, used 3929K [0x0000000080000000, 0x0000000081580000, 0x00000000d5580000)
  object space 22016K, 17% used [0x0000000080000000,0x00000000803d6680,0x0000000081580000)
 Metaspace       used 7529K, capacity 7720K, committed 8064K, reserved 1056768K
  class space    used 938K, capacity 1040K, committed 1152K, reserved 1048576K
}
Event: 5.545 GC heap before
{Heap before GC invocations=8 (full 0):
 PSYoungGen      total 20480K, used 19237K [0x00000000d5580000, 0x00000000d7d80000, 0x0000000100000000)
  eden space 17408K, 100% used [0x00000000d5580000,0x00000000d6680000,0x00000000d6680000)
  from space 3072K, 59% used [0x00000000d6680000,0x00000000d6849410,0x00000000d6980000)
  to   space 3072K, 0% used [0x00000000d7a80000,0x00000000d7a80000,0x00000000d7d80000)
 ParOldGen       total 22016K, used 3929K [0x0000000080000000, 0x0000000081580000, 0x00000000d5580000)
  object space 22016K, 17% used [0x0000000080000000,0x00000000803d6680,0x0000000081580000)
 Metaspace       used 9653K, capacity 9904K, committed 10112K, reserved 1058816K
  class space    used 1277K, capacity 1408K, committed 1408K, reserved 1048576K
Event: 5.557 GC heap after
Heap after GC invocations=8 (full 0):
 PSYoungGen      total 37888K, used 2688K [0x00000000d5580000, 0x00000000d7d80000, 0x0000000100000000)
  eden space 34816K, 0% used [0x00000000d5580000,0x00000000d5580000,0x00000000d7780000)
  from space 3072K, 87% used [0x00000000d7a80000,0x00000000d7d20000,0x00000000d7d80000)
  to   space 3072K, 0% used [0x00000000d7780000,0x00000000d7780000,0x00000000d7a80000)
 ParOldGen       total 22016K, used 4281K [0x0000000080000000, 0x0000000081580000, 0x00000000d5580000)
  object space 22016K, 19% used [0x0000000080000000,0x000000008042e680,0x0000000081580000)
 Metaspace       used 9653K, capacity 9904K, committed 10112K, reserved 1058816K
  class space    used 1277K, capacity 1408K, committed 1408K, reserved 1048576K
}
Event: 8.529 GC heap before
{Heap before GC invocations=9 (full 0):
 PSYoungGen      total 37888K, used 37504K [0x00000000d5580000, 0x00000000d7d80000, 0x0000000100000000)
  eden space 34816K, 100% used [0x00000000d5580000,0x00000000d7780000,0x00000000d7780000)
  from space 3072K, 87% used [0x00000000d7a80000,0x00000000d7d20000,0x00000000d7d80000)
  to   space 3072K, 0% used [0x00000000d7780000,0x00000000d7780000,0x00000000d7a80000)
 ParOldGen       total 22016K, used 4281K [0x0000000080000000, 0x0000000081580000, 0x00000000d5580000)
  object space 22016K, 19% used [0x0000000080000000,0x000000008042e680,0x0000000081580000)
 Metaspace       used 13987K, capacity 14366K, committed 14720K, reserved 1062912K
  class space    used 1921K, capacity 2053K, committed 2176K, reserved 1048576K
Event: 8.566 GC heap after
Heap after GC invocations=9 (full 0):
 PSYoungGen      total 37888K, used 3040K [0x00000000d5580000, 0x00000000d7d80000, 0x0000000100000000)
  eden space 34816K, 0% used [0x00000000d5580000,0x00000000d5580000,0x00000000d7780000)
  from space 3072K, 98% used [0x00000000d7780000,0x00000000d7a78328,0x00000000d7a80000)
  to   space 3072K, 0% used [0x00000000d7a80000,0x00000000d7a80000,0x00000000d7d80000)
 ParOldGen       total 22016K, used 6865K [0x0000000080000000, 0x0000000081580000, 0x00000000d5580000)
  object space 22016K, 31% used [0x0000000080000000,0x00000000806b44a8,0x0000000081580000)
 Metaspace       used 13987K, capacity 14366K, committed 14720K, reserved 1062912K
  class space    used 1921K, capacity 2053K, committed 2176K, reserved 1048576K
}

