# JRE version: OpenJDK Runtime Environment (8.0_242-b01) (build 1.8.0_242-release-1644-b01)
# Java VM: OpenJDK 64-Bit Server VM (25.242-b01 mixed mode windows-amd64 compressed oops)
Heap:
 PSYoungGen      total 335872K, used 158773K [0x00000000d5580000, 0x00000000efa80000, 0x0000000100000000)
  eden space 270848K, 36% used [0x00000000d5580000,0x00000000db6e1988,0x00000000e5e00000)
  from space 65024K, 90% used [0x00000000ea600000,0x00000000edfabae8,0x00000000ee580000)
  to   space 73728K, 0% used [0x00000000e5e00000,0x00000000e5e00000,0x00000000ea600000)
 ParOldGen       total 123904K, used 87664K [0x0000000080000000, 0x0000000087900000, 0x00000000d5580000)
  object space 123904K, 70% used [0x0000000080000000,0x000000008559c3c0,0x0000000087900000)
 Metaspace       used 110347K, capacity 115522K, committed 115624K, reserved 1148928K
  class space    used 14185K, capacity 15244K, committed 15272K, reserved 1048576K
GC Heap History (10 events):
Event: 2778.558 GC heap before
{Heap before GC invocations=30 (full 4):
 PSYoungGen      total 266240K, used 256319K [0x00000000d5580000, 0x00000000e8e00000, 0x0000000100000000)
  eden space 232448K, 100% used [0x00000000d5580000,0x00000000e3880000,0x00000000e3880000)
  from space 33792K, 70% used [0x00000000e3880000,0x00000000e4fcfdc8,0x00000000e5980000)
  to   space 35328K, 0% used [0x00000000e6b80000,0x00000000e6b80000,0x00000000e8e00000)
 ParOldGen       total 123904K, used 68750K [0x0000000080000000, 0x0000000087900000, 0x00000000d5580000)
  object space 123904K, 55% used [0x0000000080000000,0x00000000843239b0,0x0000000087900000)
 Metaspace       used 90463K, capacity 94398K, committed 94504K, reserved 1130496K
  class space    used 11676K, capacity 12514K, committed 12584K, reserved 1048576K
Event: 2779.468 GC heap after
Heap after GC invocations=30 (full 4):
 PSYoungGen      total 280576K, used 22423K [0x00000000d5580000, 0x00000000e8d00000, 0x0000000100000000)
  eden space 246272K, 0% used [0x00000000d5580000,0x00000000d5580000,0x00000000e4600000)
  from space 34304K, 65% used [0x00000000e6b80000,0x00000000e8165ee0,0x00000000e8d00000)
  to   space 36352K, 0% used [0x00000000e4600000,0x00000000e4600000,0x00000000e6980000)
 ParOldGen       total 123904K, used 68758K [0x0000000080000000, 0x0000000087900000, 0x00000000d5580000)
  object space 123904K, 55% used [0x0000000080000000,0x00000000843259b0,0x0000000087900000)
 Metaspace       used 90463K, capacity 94398K, committed 94504K, reserved 1130496K
  class space    used 11676K, capacity 12514K, committed 12584K, reserved 1048576K
}
Event: 3062.705 GC heap before
{Heap before GC invocations=31 (full 4):
 PSYoungGen      total 280576K, used 268695K [0x00000000d5580000, 0x00000000e8d00000, 0x0000000100000000)
  eden space 246272K, 100% used [0x00000000d5580000,0x00000000e4600000,0x00000000e4600000)
  from space 34304K, 65% used [0x00000000e6b80000,0x00000000e8165ee0,0x00000000e8d00000)
  to   space 36352K, 0% used [0x00000000e4600000,0x00000000e4600000,0x00000000e6980000)
 ParOldGen       total 123904K, used 68758K [0x0000000080000000, 0x0000000087900000, 0x00000000d5580000)
  object space 123904K, 55% used [0x0000000080000000,0x00000000843259b0,0x0000000087900000)
 Metaspace       used 91558K, capacity 95672K, committed 95912K, reserved 1132544K
  class space    used 11773K, capacity 12637K, committed 12712K, reserved 1048576K
Event: 3064.201 GC heap after
Heap after GC invocations=31 (full 4):
 PSYoungGen      total 282624K, used 36341K [0x00000000d5580000, 0x00000000eaa00000, 0x0000000100000000)
  eden space 246272K, 0% used [0x00000000d5580000,0x00000000d5580000,0x00000000e4600000)
  from space 36352K, 99% used [0x00000000e4600000,0x00000000e697d5a8,0x00000000e6980000)
  to   space 44032K, 0% used [0x00000000e7f00000,0x00000000e7f00000,0x00000000eaa00000)
 ParOldGen       total 123904K, used 74254K [0x0000000080000000, 0x0000000087900000, 0x00000000d5580000)
  object space 123904K, 59% used [0x0000000080000000,0x00000000848838e0,0x0000000087900000)
 Metaspace       used 91558K, capacity 95672K, committed 95912K, reserved 1132544K
  class space    used 11773K, capacity 12637K, committed 12712K, reserved 1048576K
}
Event: 3103.760 GC heap before
{Heap before GC invocations=32 (full 4):
 PSYoungGen      total 282624K, used 282613K [0x00000000d5580000, 0x00000000eaa00000, 0x0000000100000000)
  eden space 246272K, 100% used [0x00000000d5580000,0x00000000e4600000,0x00000000e4600000)
  from space 36352K, 99% used [0x00000000e4600000,0x00000000e697d5a8,0x00000000e6980000)
  to   space 44032K, 0% used [0x00000000e7f00000,0x00000000e7f00000,0x00000000eaa00000)
 ParOldGen       total 123904K, used 74254K [0x0000000080000000, 0x0000000087900000, 0x00000000d5580000)
  object space 123904K, 59% used [0x0000000080000000,0x00000000848838e0,0x0000000087900000)
 Metaspace       used 95457K, capacity 99698K, committed 99880K, reserved 1136640K
  class space    used 12181K, capacity 13062K, committed 13096K, reserved 1048576K
Event: 3105.230 GC heap after
Heap after GC invocations=32 (full 4):
 PSYoungGen      total 292864K, used 44030K [0x00000000d5580000, 0x00000000ecc00000, 0x0000000100000000)
  eden space 248832K, 0% used [0x00000000d5580000,0x00000000d5580000,0x00000000e4880000)
  from space 44032K, 99% used [0x00000000e7f00000,0x00000000ea9ffbf8,0x00000000eaa00000)
  to   space 55808K, 0% used [0x00000000e4880000,0x00000000e4880000,0x00000000e7f00000)
 ParOldGen       total 123904K, used 87648K [0x0000000080000000, 0x0000000087900000, 0x00000000d5580000)
  object space 123904K, 70% used [0x0000000080000000,0x00000000855983c0,0x0000000087900000)
 Metaspace       used 95457K, capacity 99698K, committed 99880K, reserved 1136640K
  class space    used 12181K, capacity 13062K, committed 13096K, reserved 1048576K
}
Event: 3147.169 GC heap before
{Heap before GC invocations=33 (full 4):
 PSYoungGen      total 292864K, used 292862K [0x00000000d5580000, 0x00000000ecc00000, 0x0000000100000000)
  eden space 248832K, 100% used [0x00000000d5580000,0x00000000e4880000,0x00000000e4880000)
  from space 44032K, 99% used [0x00000000e7f00000,0x00000000ea9ffbf8,0x00000000eaa00000)
  to   space 55808K, 0% used [0x00000000e4880000,0x00000000e4880000,0x00000000e7f00000)
 ParOldGen       total 123904K, used 87648K [0x0000000080000000, 0x0000000087900000, 0x00000000d5580000)
  object space 123904K, 70% used [0x0000000080000000,0x00000000855983c0,0x0000000087900000)
 Metaspace       used 102060K, capacity 106518K, committed 106664K, reserved 1142784K
  class space    used 12971K, capacity 13906K, committed 13992K, reserved 1048576K
Event: 3148.561 GC heap after
Heap after GC invocations=33 (full 4):
 PSYoungGen      total 304640K, used 55527K [0x00000000d5580000, 0x00000000ee580000, 0x0000000100000000)
  eden space 248832K, 0% used [0x00000000d5580000,0x00000000d5580000,0x00000000e4880000)
  from space 55808K, 99% used [0x00000000e4880000,0x00000000e7eb9d90,0x00000000e7f00000)
  to   space 65024K, 0% used [0x00000000ea600000,0x00000000ea600000,0x00000000ee580000)
 ParOldGen       total 123904K, used 87656K [0x0000000080000000, 0x0000000087900000, 0x00000000d5580000)
  object space 123904K, 70% used [0x0000000080000000,0x000000008559a3c0,0x0000000087900000)
 Metaspace       used 102060K, capacity 106518K, committed 106664K, reserved 1142784K
  class space    used 12971K, capacity 13906K, committed 13992K, reserved 1048576K
}
Event: 3197.285 GC heap before
{Heap before GC invocations=34 (full 4):
 PSYoungGen      total 304640K, used 304359K [0x00000000d5580000, 0x00000000ee580000, 0x0000000100000000)
  eden space 248832K, 100% used [0x00000000d5580000,0x00000000e4880000,0x00000000e4880000)
  from space 55808K, 99% used [0x00000000e4880000,0x00000000e7eb9d90,0x00000000e7f00000)
  to   space 65024K, 0% used [0x00000000ea600000,0x00000000ea600000,0x00000000ee580000)
 ParOldGen       total 123904K, used 87656K [0x0000000080000000, 0x0000000087900000, 0x00000000d5580000)
  object space 123904K, 70% used [0x0000000080000000,0x000000008559a3c0,0x0000000087900000)
 Metaspace       used 103190K, capacity 107738K, committed 107816K, reserved 1142784K
  class space    used 13139K, capacity 14102K, committed 14120K, reserved 1048576K
Event: 3199.161 GC heap after
Heap after GC invocations=34 (full 4):
 PSYoungGen      total 335872K, used 59054K [0x00000000d5580000, 0x00000000efa80000, 0x0000000100000000)
  eden space 270848K, 0% used [0x00000000d5580000,0x00000000d5580000,0x00000000e5e00000)
  from space 65024K, 90% used [0x00000000ea600000,0x00000000edfabae8,0x00000000ee580000)
  to   space 73728K, 0% used [0x00000000e5e00000,0x00000000e5e00000,0x00000000ea600000)
 ParOldGen       total 123904K, used 87664K [0x0000000080000000, 0x0000000087900000, 0x00000000d5580000)
  object space 123904K, 70% used [0x0000000080000000,0x000000008559c3c0,0x0000000087900000)
 Metaspace       used 103190K, capacity 107738K, committed 107816K, reserved 1142784K
  class space    used 13139K, capacity 14102K, committed 14120K, reserved 1048576K
}

